#
# There is insufficient memory for the Java Runtime Environment to continue.
# Native memory allocation (mmap) failed to map 65536 bytes for Failed to commit metaspace.
# Possible reasons:
#   The system is out of physical RAM or swap space
#   The process is running with CompressedOops enabled, and the Java Heap may be blocking the growth of the native heap
# Possible solutions:
#   Reduce memory load on the system
#   Increase physical memory or swap space
#   Check if swap backing store is full
#   Decrease Java heap size (-Xmx/-Xms)
#   Decrease number of Java threads
#   Decrease Java thread stack sizes (-Xss)
#   Set larger code cache with -XX:ReservedCodeCacheSize=
#   JVM is running with Zero Based Compressed Oops mode in which the Java heap is
#     placed in the first 32GB address space. The Java Heap base address is the
#     maximum limit for the native heap growth. Please use -XX:HeapBaseMinAddress
#     to set the Java Heap base and to place the Java Heap above 32GB virtual address.
# This output file may be truncated or incomplete.
#
#  Out of Memory Error (virtualSpaceNode.cpp:110), pid=13500, tid=21324
#
# JRE version: Java(TM) SE Runtime Environment (20.0.2+9) (build 20.0.2+9-78)
# Java VM: Java HotSpot(TM) 64-Bit Server VM (20.0.2+9-78, mixed mode, sharing, tiered, compressed oops, compressed class ptrs, g1 gc, windows-amd64)
# No core dump will be written. Minidumps are not enabled by default on client versions of Windows
#

---------------  S U M M A R Y ------------

Command Line: -javaagent:C:\Program Files\JetBrains\IntelliJ IDEA Community Edition 2023.2.1\lib\idea_rt.jar=59809:C:\Program Files\JetBrains\IntelliJ IDEA Community Edition 2023.2.1\bin -Dfile.encoding=UTF-8 -Dsun.stdout.encoding=UTF-8 -Dsun.stderr.encoding=UTF-8 CodeForces.PerfectPair

Host: 12th Gen Intel(R) Core(TM) i5-1235U, 12 cores, 15G,  Windows 11 , 64 bit Build 26100 (10.0.26100.3775)
Time: Sat May 24 15:22:53 2025 India Standard Time elapsed time: 3.098695 seconds (0d 0h 0m 3s)

---------------  T H R E A D  ---------------

Current thread (0x000001144dc7b060):  JavaThread "Attach Listener" daemon [_thread_in_vm, id=21324, stack(0x0000001419100000,0x0000001419200000)]

Stack: [0x0000001419100000,0x0000001419200000]
Native frames: (J=compiled Java code, j=interpreted, Vv=VM code, C=native code)
V  [jvm.dll+0x6bc25a]
V  [jvm.dll+0x84971a]
V  [jvm.dll+0x84b315]
V  [jvm.dll+0x84ba13]
V  [jvm.dll+0x280e4f]
V  [jvm.dll+0x84565b]
V  [jvm.dll+0x660616]
V  [jvm.dll+0x66067a]
V  [jvm.dll+0x662f53]
V  [jvm.dll+0x662e1e]
V  [jvm.dll+0x66102e]
V  [jvm.dll+0x67248a]
V  [jvm.dll+0x66b9b2]
V  [jvm.dll+0x247551]
V  [jvm.dll+0x2476c5]
V  [jvm.dll+0x3d9edc]
V  [jvm.dll+0x3d9ccd]
C  0x000001143d1910e5

Java frames: (J=compiled Java code, j=interpreted, Vv=VM code)
j  java.io.BufferedInputStream.implRead([BII)I+0 java.base@20.0.2
j  java.io.BufferedInputStream.read([BII)I+18 java.base@20.0.2
j  java.io.DataInputStream.readFully([BII)V+30 java.base@20.0.2
j  java.io.DataInputStream.readUTF(Ljava/io/DataInput;)Ljava/lang/String;+87 java.base@20.0.2
j  java.io.DataInputStream.readUTF()Ljava/lang/String;+1 java.base@20.0.2
j  sun.util.calendar.ZoneInfoFile.load(Ljava/io/DataInputStream;)V+92 java.base@20.0.2
j  sun.util.calendar.ZoneInfoFile$1.run()Ljava/lang/Void;+61 java.base@20.0.2
j  sun.util.calendar.ZoneInfoFile$1.run()Ljava/lang/Object;+1 java.base@20.0.2
j  java.security.AccessController.executePrivileged(Ljava/security/PrivilegedAction;Ljava/security/AccessControlContext;Ljava/lang/Class;)Ljava/lang/Object;+29 java.base@20.0.2
j  java.security.AccessController.doPrivileged(Ljava/security/PrivilegedAction;)Ljava/lang/Object;+5 java.base@20.0.2
j  sun.util.calendar.ZoneInfoFile.loadTZDB()V+7 java.base@20.0.2
j  sun.util.calendar.ZoneInfoFile.<clinit>()V+566 java.base@20.0.2
v  ~StubRoutines::call_stub 0x000001143d17100d
j  sun.util.calendar.ZoneInfo.getTimeZone(Ljava/lang/String;)Ljava/util/TimeZone;+1 java.base@20.0.2
j  java.util.TimeZone.getTimeZone(Ljava/lang/String;Z)Ljava/util/TimeZone;+1 java.base@20.0.2
j  java.util.TimeZone.setDefaultZone()Ljava/util/TimeZone;+48 java.base@20.0.2
j  java.util.TimeZone.getDefaultRef()Ljava/util/TimeZone;+8 java.base@20.0.2
j  java.util.Date.normalize()Lsun/util/calendar/BaseCalendar$Date;+21 java.base@20.0.2
j  java.util.Date.toString()Ljava/lang/String;+1 java.base@20.0.2
j  java.lang.String.valueOf(Ljava/lang/Object;)Ljava/lang/String;+11 java.base@20.0.2
j  java.lang.StringBuilder.append(Ljava/lang/Object;)Ljava/lang/StringBuilder;+2 java.base@20.0.2
j  java.util.Properties.writeDateComment(Ljava/io/BufferedWriter;)V+43 java.base@20.0.2
j  java.util.Properties.store0(Ljava/io/BufferedWriter;Ljava/lang/String;Z)V+10 java.base@20.0.2
j  java.util.Properties.store(Ljava/io/OutputStream;Ljava/lang/String;)V+21 java.base@20.0.2
j  jdk.internal.vm.VMSupport.serializePropertiesToByteArray(Ljava/util/Properties;)[B+14 java.base@20.0.2
j  jdk.internal.vm.VMSupport.serializeAgentPropertiesToByteArray()[B+6 java.base@20.0.2
v  ~StubRoutines::call_stub 0x000001143d17100d

---------------  P R O C E S S  ---------------

Threads class SMR info:
_java_thread_list=0x0000011493274b30, length=12, elements={
0x000001142db4b710, 0x000001144dc72420, 0x000001144dc72f60, 0x000001144dc75ba0,
0x000001144dc7b060, 0x000001144dc7bee0, 0x000001144dc7c820, 0x000001144dc7e4d0,
0x000001144dc81450, 0x000001144dc3da30, 0x000001149318d670, 0x000001149318dbc0
}

Java Threads: ( => current thread )
  0x000001142db4b710 JavaThread "main" [_thread_in_native, id=17228, stack(0x0000001418700000,0x0000001418800000)]
  0x000001144dc72420 JavaThread "Reference Handler" daemon [_thread_blocked, id=26372, stack(0x0000001418e00000,0x0000001418f00000)]
  0x000001144dc72f60 JavaThread "Finalizer" daemon [_thread_blocked, id=26456, stack(0x0000001418f00000,0x0000001419000000)]
  0x000001144dc75ba0 JavaThread "Signal Dispatcher" daemon [_thread_blocked, id=22396, stack(0x0000001419000000,0x0000001419100000)]
=>0x000001144dc7b060 JavaThread "Attach Listener" daemon [_thread_in_vm, id=21324, stack(0x0000001419100000,0x0000001419200000)]
  0x000001144dc7bee0 JavaThread "Service Thread" daemon [_thread_blocked, id=17088, stack(0x0000001419200000,0x0000001419300000)]
  0x000001144dc7c820 JavaThread "Monitor Deflation Thread" daemon [_thread_blocked, id=9576, stack(0x0000001419300000,0x0000001419400000)]
  0x000001144dc7e4d0 JavaThread "C2 CompilerThread0" daemon [_thread_blocked, id=18856, stack(0x0000001419400000,0x0000001419500000)]
  0x000001144dc81450 JavaThread "C1 CompilerThread0" daemon [_thread_in_vm, id=25528, stack(0x0000001419500000,0x0000001419600000)]
  0x000001144dc3da30 JavaThread "Common-Cleaner" daemon [_thread_blocked, id=17264, stack(0x0000001419600000,0x0000001419700000)]
  0x000001149318d670 JavaThread "Monitor Ctrl-Break" daemon [_thread_in_native, id=20956, stack(0x0000001419700000,0x0000001419800000)]
  0x000001149318dbc0 JavaThread "Notification Thread" daemon [_thread_blocked, id=3756, stack(0x0000001419800000,0x0000001419900000)]

Other Threads:
  0x000001144dc53c70 VMThread "VM Thread" [stack: 0x0000001418d00000,0x0000001418e00000] [id=25428] _threads_hazard_ptr=0x0000011493274b30
  0x0000011493197de0 WatcherThread "VM Periodic Task Thread" [stack: 0x0000001419900000,0x0000001419a00000] [id=22008]
  0x000001142dbbf9a0 WorkerThread "GC Thread#0" [stack: 0x0000001418800000,0x0000001418900000] [id=18720]
  0x000001142dbd1a80 ConcurrentGCThread "G1 Main Marker" [stack: 0x0000001418900000,0x0000001418a00000] [id=13508]
  0x000001142dbd24b0 WorkerThread "G1 Conc#0" [stack: 0x0000001418a00000,0x0000001418b00000] [id=25100]
  0x000001144db009c0 ConcurrentGCThread "G1 Refine#0" [stack: 0x0000001418b00000,0x0000001418c00000] [id=4376]
  0x000001144db01270 ConcurrentGCThread "G1 Service" [stack: 0x0000001418c00000,0x0000001418d00000] [id=20500]

Threads with active compile tasks:
C1 CompilerThread0     3124  287       3       java.util.concurrent.locks.ReentrantLock$Sync::tryRelease (51 bytes)

VM state: synchronizing (normal execution)

VM Mutex/Monitor currently owned by a thread:  ([mutex/lock_event])
[0x000001142db48e20] Metaspace_lock - owner thread: 0x000001144dc7b060
[0x000001142db49ba0] Threads_lock - owner thread: 0x000001144dc53c70

Heap address: 0x0000000704400000, size: 4028 MB, Compressed Oops mode: Zero based, Oop shift amount: 3

CDS archive(s) mapped at: [0x000001144e000000-0x000001144ec60000-0x000001144ec60000), size 12976128, SharedBaseAddress: 0x000001144e000000, ArchiveRelocationMode: 1.
Compressed class space mapped at: 0x000001144f000000-0x000001148f000000, reserved size: 1073741824
Narrow klass base: 0x000001144e000000, Narrow klass shift: 0, Narrow klass range: 0x100000000

GC Precious Log:
 CardTable entry size: 512
 Card Set container configuration: InlinePtr #cards 4 size 8 Array Of Cards #cards 16 size 48 Howl #buckets 8 coarsen threshold 3686 Howl Bitmap #cards 512 size 80 coarsen threshold 460 Card regions per heap region 1 cards per card region 4096
 CPUs: 12 total, 12 available
 Memory: 16108M
 Large Page Support: Disabled
 NUMA Support: Disabled
 Compressed Oops: Enabled (Zero based)
 Heap Region Size: 2M
 Heap Min Capacity: 8M
 Heap Initial Capacity: 252M
 Heap Max Capacity: 4028M
 Pre-touch: Disabled
 Parallel Workers: 10
 Concurrent Workers: 3
 Concurrent Refinement Workers: 10
 Periodic GC: Disabled

Heap:
 garbage-first heap   total 258048K, used 4096K [0x0000000704400000, 0x0000000800000000)
  region size 2048K, 3 young (6144K), 0 survivors (0K)
 Metaspace       used 955K, committed 1088K, reserved 1114112K
  class space    used 77K, committed 192K, reserved 1048576K

Heap Regions: E=young(eden), S=young(survivor), O=old, HS=humongous(starts), HC=humongous(continues), CS=collection set, F=free, OA=open archive, CA=closed archive, TAMS=top-at-mark-start, PB=parsable bottom
|   0|0x0000000704400000, 0x0000000704400000, 0x0000000704600000|  0%| F|  |TAMS 0x0000000704400000| PB 0x0000000704400000| Untracked 
|   1|0x0000000704600000, 0x0000000704600000, 0x0000000704800000|  0%| F|  |TAMS 0x0000000704600000| PB 0x0000000704600000| Untracked 
|   2|0x0000000704800000, 0x0000000704800000, 0x0000000704a00000|  0%| F|  |TAMS 0x0000000704800000| PB 0x0000000704800000| Untracked 
|   3|0x0000000704a00000, 0x0000000704a00000, 0x0000000704c00000|  0%| F|  |TAMS 0x0000000704a00000| PB 0x0000000704a00000| Untracked 
|   4|0x0000000704c00000, 0x0000000704c00000, 0x0000000704e00000|  0%| F|  |TAMS 0x0000000704c00000| PB 0x0000000704c00000| Untracked 
|   5|0x0000000704e00000, 0x0000000704e00000, 0x0000000705000000|  0%| F|  |TAMS 0x0000000704e00000| PB 0x0000000704e00000| Untracked 
|   6|0x0000000705000000, 0x0000000705000000, 0x0000000705200000|  0%| F|  |TAMS 0x0000000705000000| PB 0x0000000705000000| Untracked 
|   7|0x0000000705200000, 0x0000000705200000, 0x0000000705400000|  0%| F|  |TAMS 0x0000000705200000| PB 0x0000000705200000| Untracked 
|   8|0x0000000705400000, 0x0000000705400000, 0x0000000705600000|  0%| F|  |TAMS 0x0000000705400000| PB 0x0000000705400000| Untracked 
|   9|0x0000000705600000, 0x0000000705600000, 0x0000000705800000|  0%| F|  |TAMS 0x0000000705600000| PB 0x0000000705600000| Untracked 
|  10|0x0000000705800000, 0x0000000705800000, 0x0000000705a00000|  0%| F|  |TAMS 0x0000000705800000| PB 0x0000000705800000| Untracked 
|  11|0x0000000705a00000, 0x0000000705a00000, 0x0000000705c00000|  0%| F|  |TAMS 0x0000000705a00000| PB 0x0000000705a00000| Untracked 
|  12|0x0000000705c00000, 0x0000000705c00000, 0x0000000705e00000|  0%| F|  |TAMS 0x0000000705c00000| PB 0x0000000705c00000| Untracked 
|  13|0x0000000705e00000, 0x0000000705e00000, 0x0000000706000000|  0%| F|  |TAMS 0x0000000705e00000| PB 0x0000000705e00000| Untracked 
|  14|0x0000000706000000, 0x0000000706000000, 0x0000000706200000|  0%| F|  |TAMS 0x0000000706000000| PB 0x0000000706000000| Untracked 
|  15|0x0000000706200000, 0x0000000706200000, 0x0000000706400000|  0%| F|  |TAMS 0x0000000706200000| PB 0x0000000706200000| Untracked 
|  16|0x0000000706400000, 0x0000000706400000, 0x0000000706600000|  0%| F|  |TAMS 0x0000000706400000| PB 0x0000000706400000| Untracked 
|  17|0x0000000706600000, 0x0000000706600000, 0x0000000706800000|  0%| F|  |TAMS 0x0000000706600000| PB 0x0000000706600000| Untracked 
|  18|0x0000000706800000, 0x0000000706800000, 0x0000000706a00000|  0%| F|  |TAMS 0x0000000706800000| PB 0x0000000706800000| Untracked 
|  19|0x0000000706a00000, 0x0000000706a00000, 0x0000000706c00000|  0%| F|  |TAMS 0x0000000706a00000| PB 0x0000000706a00000| Untracked 
|  20|0x0000000706c00000, 0x0000000706c00000, 0x0000000706e00000|  0%| F|  |TAMS 0x0000000706c00000| PB 0x0000000706c00000| Untracked 
|  21|0x0000000706e00000, 0x0000000706e00000, 0x0000000707000000|  0%| F|  |TAMS 0x0000000706e00000| PB 0x0000000706e00000| Untracked 
|  22|0x0000000707000000, 0x0000000707000000, 0x0000000707200000|  0%| F|  |TAMS 0x0000000707000000| PB 0x0000000707000000| Untracked 
|  23|0x0000000707200000, 0x0000000707200000, 0x0000000707400000|  0%| F|  |TAMS 0x0000000707200000| PB 0x0000000707200000| Untracked 
|  24|0x0000000707400000, 0x0000000707400000, 0x0000000707600000|  0%| F|  |TAMS 0x0000000707400000| PB 0x0000000707400000| Untracked 
|  25|0x0000000707600000, 0x0000000707600000, 0x0000000707800000|  0%| F|  |TAMS 0x0000000707600000| PB 0x0000000707600000| Untracked 
|  26|0x0000000707800000, 0x0000000707800000, 0x0000000707a00000|  0%| F|  |TAMS 0x0000000707800000| PB 0x0000000707800000| Untracked 
|  27|0x0000000707a00000, 0x0000000707a00000, 0x0000000707c00000|  0%| F|  |TAMS 0x0000000707a00000| PB 0x0000000707a00000| Untracked 
|  28|0x0000000707c00000, 0x0000000707c00000, 0x0000000707e00000|  0%| F|  |TAMS 0x0000000707c00000| PB 0x0000000707c00000| Untracked 
|  29|0x0000000707e00000, 0x0000000707e00000, 0x0000000708000000|  0%| F|  |TAMS 0x0000000707e00000| PB 0x0000000707e00000| Untracked 
|  30|0x0000000708000000, 0x0000000708000000, 0x0000000708200000|  0%| F|  |TAMS 0x0000000708000000| PB 0x0000000708000000| Untracked 
|  31|0x0000000708200000, 0x0000000708200000, 0x0000000708400000|  0%| F|  |TAMS 0x0000000708200000| PB 0x0000000708200000| Untracked 
|  32|0x0000000708400000, 0x0000000708400000, 0x0000000708600000|  0%| F|  |TAMS 0x0000000708400000| PB 0x0000000708400000| Untracked 
|  33|0x0000000708600000, 0x0000000708600000, 0x0000000708800000|  0%| F|  |TAMS 0x0000000708600000| PB 0x0000000708600000| Untracked 
|  34|0x0000000708800000, 0x0000000708800000, 0x0000000708a00000|  0%| F|  |TAMS 0x0000000708800000| PB 0x0000000708800000| Untracked 
|  35|0x0000000708a00000, 0x0000000708a00000, 0x0000000708c00000|  0%| F|  |TAMS 0x0000000708a00000| PB 0x0000000708a00000| Untracked 
|  36|0x0000000708c00000, 0x0000000708c00000, 0x0000000708e00000|  0%| F|  |TAMS 0x0000000708c00000| PB 0x0000000708c00000| Untracked 
|  37|0x0000000708e00000, 0x0000000708e00000, 0x0000000709000000|  0%| F|  |TAMS 0x0000000708e00000| PB 0x0000000708e00000| Untracked 
|  38|0x0000000709000000, 0x0000000709000000, 0x0000000709200000|  0%| F|  |TAMS 0x0000000709000000| PB 0x0000000709000000| Untracked 
|  39|0x0000000709200000, 0x0000000709200000, 0x0000000709400000|  0%| F|  |TAMS 0x0000000709200000| PB 0x0000000709200000| Untracked 
|  40|0x0000000709400000, 0x0000000709400000, 0x0000000709600000|  0%| F|  |TAMS 0x0000000709400000| PB 0x0000000709400000| Untracked 
|  41|0x0000000709600000, 0x0000000709600000, 0x0000000709800000|  0%| F|  |TAMS 0x0000000709600000| PB 0x0000000709600000| Untracked 
|  42|0x0000000709800000, 0x0000000709800000, 0x0000000709a00000|  0%| F|  |TAMS 0x0000000709800000| PB 0x0000000709800000| Untracked 
|  43|0x0000000709a00000, 0x0000000709a00000, 0x0000000709c00000|  0%| F|  |TAMS 0x0000000709a00000| PB 0x0000000709a00000| Untracked 
|  44|0x0000000709c00000, 0x0000000709c00000, 0x0000000709e00000|  0%| F|  |TAMS 0x0000000709c00000| PB 0x0000000709c00000| Untracked 
|  45|0x0000000709e00000, 0x0000000709e00000, 0x000000070a000000|  0%| F|  |TAMS 0x0000000709e00000| PB 0x0000000709e00000| Untracked 
|  46|0x000000070a000000, 0x000000070a000000, 0x000000070a200000|  0%| F|  |TAMS 0x000000070a000000| PB 0x000000070a000000| Untracked 
|  47|0x000000070a200000, 0x000000070a200000, 0x000000070a400000|  0%| F|  |TAMS 0x000000070a200000| PB 0x000000070a200000| Untracked 
|  48|0x000000070a400000, 0x000000070a400000, 0x000000070a600000|  0%| F|  |TAMS 0x000000070a400000| PB 0x000000070a400000| Untracked 
|  49|0x000000070a600000, 0x000000070a600000, 0x000000070a800000|  0%| F|  |TAMS 0x000000070a600000| PB 0x000000070a600000| Untracked 
|  50|0x000000070a800000, 0x000000070a800000, 0x000000070aa00000|  0%| F|  |TAMS 0x000000070a800000| PB 0x000000070a800000| Untracked 
|  51|0x000000070aa00000, 0x000000070aa00000, 0x000000070ac00000|  0%| F|  |TAMS 0x000000070aa00000| PB 0x000000070aa00000| Untracked 
|  52|0x000000070ac00000, 0x000000070ac00000, 0x000000070ae00000|  0%| F|  |TAMS 0x000000070ac00000| PB 0x000000070ac00000| Untracked 
|  53|0x000000070ae00000, 0x000000070ae00000, 0x000000070b000000|  0%| F|  |TAMS 0x000000070ae00000| PB 0x000000070ae00000| Untracked 
|  54|0x000000070b000000, 0x000000070b000000, 0x000000070b200000|  0%| F|  |TAMS 0x000000070b000000| PB 0x000000070b000000| Untracked 
|  55|0x000000070b200000, 0x000000070b200000, 0x000000070b400000|  0%| F|  |TAMS 0x000000070b200000| PB 0x000000070b200000| Untracked 
|  56|0x000000070b400000, 0x000000070b400000, 0x000000070b600000|  0%| F|  |TAMS 0x000000070b400000| PB 0x000000070b400000| Untracked 
|  57|0x000000070b600000, 0x000000070b600000, 0x000000070b800000|  0%| F|  |TAMS 0x000000070b600000| PB 0x000000070b600000| Untracked 
|  58|0x000000070b800000, 0x000000070b800000, 0x000000070ba00000|  0%| F|  |TAMS 0x000000070b800000| PB 0x000000070b800000| Untracked 
|  59|0x000000070ba00000, 0x000000070ba00000, 0x000000070bc00000|  0%| F|  |TAMS 0x000000070ba00000| PB 0x000000070ba00000| Untracked 
|  60|0x000000070bc00000, 0x000000070bc00000, 0x000000070be00000|  0%| F|  |TAMS 0x000000070bc00000| PB 0x000000070bc00000| Untracked 
|  61|0x000000070be00000, 0x000000070be00000, 0x000000070c000000|  0%| F|  |TAMS 0x000000070be00000| PB 0x000000070be00000| Untracked 
|  62|0x000000070c000000, 0x000000070c000000, 0x000000070c200000|  0%| F|  |TAMS 0x000000070c000000| PB 0x000000070c000000| Untracked 
|  63|0x000000070c200000, 0x000000070c200000, 0x000000070c400000|  0%| F|  |TAMS 0x000000070c200000| PB 0x000000070c200000| Untracked 
|  64|0x000000070c400000, 0x000000070c400000, 0x000000070c600000|  0%| F|  |TAMS 0x000000070c400000| PB 0x000000070c400000| Untracked 
|  65|0x000000070c600000, 0x000000070c600000, 0x000000070c800000|  0%| F|  |TAMS 0x000000070c600000| PB 0x000000070c600000| Untracked 
|  66|0x000000070c800000, 0x000000070c800000, 0x000000070ca00000|  0%| F|  |TAMS 0x000000070c800000| PB 0x000000070c800000| Untracked 
|  67|0x000000070ca00000, 0x000000070ca00000, 0x000000070cc00000|  0%| F|  |TAMS 0x000000070ca00000| PB 0x000000070ca00000| Untracked 
|  68|0x000000070cc00000, 0x000000070cc00000, 0x000000070ce00000|  0%| F|  |TAMS 0x000000070cc00000| PB 0x000000070cc00000| Untracked 
|  69|0x000000070ce00000, 0x000000070ce00000, 0x000000070d000000|  0%| F|  |TAMS 0x000000070ce00000| PB 0x000000070ce00000| Untracked 
|  70|0x000000070d000000, 0x000000070d000000, 0x000000070d200000|  0%| F|  |TAMS 0x000000070d000000| PB 0x000000070d000000| Untracked 
|  71|0x000000070d200000, 0x000000070d200000, 0x000000070d400000|  0%| F|  |TAMS 0x000000070d200000| PB 0x000000070d200000| Untracked 
|  72|0x000000070d400000, 0x000000070d400000, 0x000000070d600000|  0%| F|  |TAMS 0x000000070d400000| PB 0x000000070d400000| Untracked 
|  73|0x000000070d600000, 0x000000070d600000, 0x000000070d800000|  0%| F|  |TAMS 0x000000070d600000| PB 0x000000070d600000| Untracked 
|  74|0x000000070d800000, 0x000000070d800000, 0x000000070da00000|  0%| F|  |TAMS 0x000000070d800000| PB 0x000000070d800000| Untracked 
|  75|0x000000070da00000, 0x000000070da00000, 0x000000070dc00000|  0%| F|  |TAMS 0x000000070da00000| PB 0x000000070da00000| Untracked 
|  76|0x000000070dc00000, 0x000000070dc00000, 0x000000070de00000|  0%| F|  |TAMS 0x000000070dc00000| PB 0x000000070dc00000| Untracked 
|  77|0x000000070de00000, 0x000000070de00000, 0x000000070e000000|  0%| F|  |TAMS 0x000000070de00000| PB 0x000000070de00000| Untracked 
|  78|0x000000070e000000, 0x000000070e000000, 0x000000070e200000|  0%| F|  |TAMS 0x000000070e000000| PB 0x000000070e000000| Untracked 
|  79|0x000000070e200000, 0x000000070e200000, 0x000000070e400000|  0%| F|  |TAMS 0x000000070e200000| PB 0x000000070e200000| Untracked 
|  80|0x000000070e400000, 0x000000070e400000, 0x000000070e600000|  0%| F|  |TAMS 0x000000070e400000| PB 0x000000070e400000| Untracked 
|  81|0x000000070e600000, 0x000000070e600000, 0x000000070e800000|  0%| F|  |TAMS 0x000000070e600000| PB 0x000000070e600000| Untracked 
|  82|0x000000070e800000, 0x000000070e800000, 0x000000070ea00000|  0%| F|  |TAMS 0x000000070e800000| PB 0x000000070e800000| Untracked 
|  83|0x000000070ea00000, 0x000000070ea00000, 0x000000070ec00000|  0%| F|  |TAMS 0x000000070ea00000| PB 0x000000070ea00000| Untracked 
|  84|0x000000070ec00000, 0x000000070ec00000, 0x000000070ee00000|  0%| F|  |TAMS 0x000000070ec00000| PB 0x000000070ec00000| Untracked 
|  85|0x000000070ee00000, 0x000000070ee00000, 0x000000070f000000|  0%| F|  |TAMS 0x000000070ee00000| PB 0x000000070ee00000| Untracked 
|  86|0x000000070f000000, 0x000000070f000000, 0x000000070f200000|  0%| F|  |TAMS 0x000000070f000000| PB 0x000000070f000000| Untracked 
|  87|0x000000070f200000, 0x000000070f200000, 0x000000070f400000|  0%| F|  |TAMS 0x000000070f200000| PB 0x000000070f200000| Untracked 
|  88|0x000000070f400000, 0x000000070f400000, 0x000000070f600000|  0%| F|  |TAMS 0x000000070f400000| PB 0x000000070f400000| Untracked 
|  89|0x000000070f600000, 0x000000070f600000, 0x000000070f800000|  0%| F|  |TAMS 0x000000070f600000| PB 0x000000070f600000| Untracked 
|  90|0x000000070f800000, 0x000000070f800000, 0x000000070fa00000|  0%| F|  |TAMS 0x000000070f800000| PB 0x000000070f800000| Untracked 
|  91|0x000000070fa00000, 0x000000070fa00000, 0x000000070fc00000|  0%| F|  |TAMS 0x000000070fa00000| PB 0x000000070fa00000| Untracked 
|  92|0x000000070fc00000, 0x000000070fc00000, 0x000000070fe00000|  0%| F|  |TAMS 0x000000070fc00000| PB 0x000000070fc00000| Untracked 
|  93|0x000000070fe00000, 0x000000070fe00000, 0x0000000710000000|  0%| F|  |TAMS 0x000000070fe00000| PB 0x000000070fe00000| Untracked 
|  94|0x0000000710000000, 0x0000000710000000, 0x0000000710200000|  0%| F|  |TAMS 0x0000000710000000| PB 0x0000000710000000| Untracked 
|  95|0x0000000710200000, 0x0000000710200000, 0x0000000710400000|  0%| F|  |TAMS 0x0000000710200000| PB 0x0000000710200000| Untracked 
|  96|0x0000000710400000, 0x0000000710400000, 0x0000000710600000|  0%| F|  |TAMS 0x0000000710400000| PB 0x0000000710400000| Untracked 
|  97|0x0000000710600000, 0x0000000710600000, 0x0000000710800000|  0%| F|  |TAMS 0x0000000710600000| PB 0x0000000710600000| Untracked 
|  98|0x0000000710800000, 0x0000000710800000, 0x0000000710a00000|  0%| F|  |TAMS 0x0000000710800000| PB 0x0000000710800000| Untracked 
|  99|0x0000000710a00000, 0x0000000710a00000, 0x0000000710c00000|  0%| F|  |TAMS 0x0000000710a00000| PB 0x0000000710a00000| Untracked 
| 100|0x0000000710c00000, 0x0000000710c00000, 0x0000000710e00000|  0%| F|  |TAMS 0x0000000710c00000| PB 0x0000000710c00000| Untracked 
| 101|0x0000000710e00000, 0x0000000710e00000, 0x0000000711000000|  0%| F|  |TAMS 0x0000000710e00000| PB 0x0000000710e00000| Untracked 
| 102|0x0000000711000000, 0x0000000711000000, 0x0000000711200000|  0%| F|  |TAMS 0x0000000711000000| PB 0x0000000711000000| Untracked 
| 103|0x0000000711200000, 0x0000000711200000, 0x0000000711400000|  0%| F|  |TAMS 0x0000000711200000| PB 0x0000000711200000| Untracked 
| 104|0x0000000711400000, 0x0000000711400000, 0x0000000711600000|  0%| F|  |TAMS 0x0000000711400000| PB 0x0000000711400000| Untracked 
| 105|0x0000000711600000, 0x0000000711600000, 0x0000000711800000|  0%| F|  |TAMS 0x0000000711600000| PB 0x0000000711600000| Untracked 
| 106|0x0000000711800000, 0x0000000711800000, 0x0000000711a00000|  0%| F|  |TAMS 0x0000000711800000| PB 0x0000000711800000| Untracked 
| 107|0x0000000711a00000, 0x0000000711a00000, 0x0000000711c00000|  0%| F|  |TAMS 0x0000000711a00000| PB 0x0000000711a00000| Untracked 
| 108|0x0000000711c00000, 0x0000000711c00000, 0x0000000711e00000|  0%| F|  |TAMS 0x0000000711c00000| PB 0x0000000711c00000| Untracked 
| 109|0x0000000711e00000, 0x0000000711e00000, 0x0000000712000000|  0%| F|  |TAMS 0x0000000711e00000| PB 0x0000000711e00000| Untracked 
| 110|0x0000000712000000, 0x0000000712000000, 0x0000000712200000|  0%| F|  |TAMS 0x0000000712000000| PB 0x0000000712000000| Untracked 
| 111|0x0000000712200000, 0x0000000712200000, 0x0000000712400000|  0%| F|  |TAMS 0x0000000712200000| PB 0x0000000712200000| Untracked 
| 112|0x0000000712400000, 0x0000000712400000, 0x0000000712600000|  0%| F|  |TAMS 0x0000000712400000| PB 0x0000000712400000| Untracked 
| 113|0x0000000712600000, 0x0000000712600000, 0x0000000712800000|  0%| F|  |TAMS 0x0000000712600000| PB 0x0000000712600000| Untracked 
| 114|0x0000000712800000, 0x0000000712800000, 0x0000000712a00000|  0%| F|  |TAMS 0x0000000712800000| PB 0x0000000712800000| Untracked 
| 115|0x0000000712a00000, 0x0000000712a00000, 0x0000000712c00000|  0%| F|  |TAMS 0x0000000712a00000| PB 0x0000000712a00000| Untracked 
| 116|0x0000000712c00000, 0x0000000712c00000, 0x0000000712e00000|  0%| F|  |TAMS 0x0000000712c00000| PB 0x0000000712c00000| Untracked 
| 117|0x0000000712e00000, 0x0000000712e00000, 0x0000000713000000|  0%| F|  |TAMS 0x0000000712e00000| PB 0x0000000712e00000| Untracked 
| 118|0x0000000713000000, 0x0000000713000000, 0x0000000713200000|  0%| F|  |TAMS 0x0000000713000000| PB 0x0000000713000000| Untracked 
| 119|0x0000000713200000, 0x0000000713200000, 0x0000000713400000|  0%| F|  |TAMS 0x0000000713200000| PB 0x0000000713200000| Untracked 
| 120|0x0000000713400000, 0x0000000713400000, 0x0000000713600000|  0%| F|  |TAMS 0x0000000713400000| PB 0x0000000713400000| Untracked 
| 121|0x0000000713600000, 0x0000000713600000, 0x0000000713800000|  0%| F|  |TAMS 0x0000000713600000| PB 0x0000000713600000| Untracked 
| 122|0x0000000713800000, 0x0000000713800000, 0x0000000713a00000|  0%| F|  |TAMS 0x0000000713800000| PB 0x0000000713800000| Untracked 
| 123|0x0000000713a00000, 0x0000000713a712b0, 0x0000000713c00000| 22%| E|  |TAMS 0x0000000713a00000| PB 0x0000000713a00000| Complete 
| 124|0x0000000713c00000, 0x0000000713e00000, 0x0000000713e00000|100%| E|CS|TAMS 0x0000000713c00000| PB 0x0000000713c00000| Complete 
| 125|0x0000000713e00000, 0x0000000714000000, 0x0000000714000000|100%| E|CS|TAMS 0x0000000713e00000| PB 0x0000000713e00000| Complete 

Card table byte_map: [0x00000114460c0000,0x00000114468a0000] _byte_map_base: 0x000001144289e000

Marking Bits: (CMBitMap*) 0x000001142dbbffd0
 Bits: [0x0000011447080000, 0x000001144af70000)

Polling page: 0x000001142c300000

Metaspace:

Usage:
  Non-class:    878.30 KB used.
      Class:     77.20 KB used.
       Both:    955.49 KB used.

Virtual space:
  Non-class space:       64.00 MB reserved,     896.00 KB (  1%) committed,  1 nodes.
      Class space:        1.00 GB reserved,     192.00 KB ( <1%) committed,  1 nodes.
             Both:        1.06 GB reserved,       1.06 MB ( <1%) committed. 

Chunk freelists:
   Non-Class:  3.95 MB
       Class:  3.73 MB
        Both:  7.68 MB

MaxMetaspaceSize: unlimited
CompressedClassSpaceSize: 1.00 GB
Initial GC threshold: 21.00 MB
Current GC threshold: 21.00 MB
CDS: on
MetaspaceReclaimPolicy: balanced
 - commit_granule_bytes: 65536.
 - commit_granule_words: 8192.
 - virtual_space_node_default_size: 8388608.
 - enlarge_chunks_in_place: 1.
 - new_chunks_are_fully_committed: 0.
 - uncommit_free_chunks: 1.
 - use_allocation_guard: 0.


Internal statistics:

num_allocs_failed_limit: 0.
num_arena_births: 26.
num_arena_deaths: 0.
num_vsnodes_births: 2.
num_vsnodes_deaths: 0.
num_space_committed: 17.
num_space_uncommitted: 0.
num_chunks_returned_to_freelist: 0.
num_chunks_taken_from_freelist: 35.
num_chunk_merges: 0.
num_chunk_splits: 20.
num_chunks_enlarged: 12.
num_inconsistent_stats: 0.

CodeHeap 'non-profiled nmethods': size=120000Kb used=93Kb max_used=93Kb free=119906Kb
 bounds [0x000001143d710000, 0x000001143d980000, 0x0000011444c40000]
CodeHeap 'profiled nmethods': size=120000Kb used=299Kb max_used=299Kb free=119700Kb
 bounds [0x0000011435c40000, 0x0000011435eb0000, 0x000001143d170000]
CodeHeap 'non-nmethods': size=5760Kb used=1374Kb max_used=1384Kb free=4385Kb
 bounds [0x000001143d170000, 0x000001143d3e0000, 0x000001143d710000]
 total_blobs=708 nmethods=284 adapters=335
 compilation: enabled
              stopped_count=0, restarted_count=0
 full_count=0

Compilation events (20 events):
Event: 1.077 Thread 0x000001144dc81450 nmethod 274 0x000001143d727290 code [0x000001143d727400, 0x000001143d7274d0]
Event: 1.077 Thread 0x000001144dc81450  278       3       java.io.BufferedInputStream::getBufIfOpen (21 bytes)
Event: 1.077 Thread 0x000001144dc81450 nmethod 278 0x0000011435c85510 code [0x0000011435c856a0, 0x0000011435c85878]
Event: 1.077 Thread 0x000001144dc81450  282       3       java.lang.StringUTF16::compress (50 bytes)
Event: 1.077 Thread 0x000001144dc81450 nmethod 282 0x0000011435c85990 code [0x0000011435c85b20, 0x0000011435c85d68]
Event: 1.077 Thread 0x000001144dc81450  276       3       jdk.internal.misc.InternalLock::unlock (8 bytes)
Event: 1.077 Thread 0x000001144dc81450 nmethod 276 0x0000011435c85f10 code [0x0000011435c860c0, 0x0000011435c86488]
Event: 1.077 Thread 0x000001144dc81450  279       3       java.util.concurrent.locks.ReentrantLock::lock (8 bytes)
Event: 1.077 Thread 0x000001144dc81450 nmethod 279 0x0000011435c86610 code [0x0000011435c867c0, 0x0000011435c86a70]
Event: 1.077 Thread 0x000001144dc81450  280       3       java.util.concurrent.locks.ReentrantLock$Sync::lock (13 bytes)
Event: 1.077 Thread 0x000001144dc81450 nmethod 280 0x0000011435c86b90 code [0x0000011435c86d40, 0x0000011435c86f80]
Event: 1.077 Thread 0x000001144dc81450  281       3       java.util.concurrent.locks.ReentrantLock$NonfairSync::initialTryLock (58 bytes)
Event: 1.077 Thread 0x000001144dc81450 nmethod 281 0x0000011435c87010 code [0x0000011435c871e0, 0x0000011435c875e0]
Event: 1.078 Thread 0x000001144dc81450  285       3       java.io.DataInputStream::readUTF (501 bytes)
Event: 1.078 Thread 0x000001144dc81450 nmethod 285 0x0000011435c87710 code [0x0000011435c87b00, 0x0000011435c89928]
Event: 1.078 Thread 0x000001144dc81450  284       3       jdk.internal.misc.InternalLock::lock (8 bytes)
Event: 1.078 Thread 0x000001144dc81450 nmethod 284 0x0000011435c8a490 code [0x0000011435c8a640, 0x0000011435c8a9e0]
Event: 1.078 Thread 0x000001144dc81450  286       3       java.util.concurrent.locks.AbstractQueuedSynchronizer::compareAndSetState (13 bytes)
Event: 1.078 Thread 0x000001144dc81450 nmethod 286 0x0000011435c8ab10 code [0x0000011435c8aca0, 0x0000011435c8adc8]
Event: 1.078 Thread 0x000001144dc81450  287       3       java.util.concurrent.locks.ReentrantLock$Sync::tryRelease (51 bytes)

GC Heap History (0 events):
No events

Dll operation events (10 events):
Event: 0.034 Loaded shared library C:\Program Files\Java\jdk-20\bin\java.dll
Event: 0.074 Loaded shared library C:\Program Files\Java\jdk-20\bin\jsvml.dll
Event: 0.111 Loaded shared library C:\Program Files\Java\jdk-20\bin\zip.dll
Event: 0.113 Loaded shared library C:\Program Files\Java\jdk-20\bin\instrument.dll
Event: 0.118 Loaded shared library C:\Program Files\Java\jdk-20\bin\net.dll
Event: 0.120 Loaded shared library C:\Program Files\Java\jdk-20\bin\nio.dll
Event: 0.123 Loaded shared library C:\Program Files\Java\jdk-20\bin\zip.dll
Event: 0.130 Loaded shared library C:\Program Files\JetBrains\IntelliJ IDEA Community Edition 2023.2.1\bin\breakgen64.dll
Event: 0.140 Loaded shared library C:\Program Files\Java\jdk-20\bin\extnet.dll
Event: 0.143 Loaded shared library C:\Program Files\Java\jdk-20\bin\jimage.dll

Deoptimization events (4 events):
Event: 0.132 Thread 0x000001142db4b710 Uncommon trap: trap_request=0xffffff45 fr.pc=0x000001143d71efb4 relative=0x00000000000000b4
Event: 0.132 Thread 0x000001142db4b710 Uncommon trap: reason=unstable_if action=reinterpret pc=0x000001143d71efb4 method=java.lang.String.isLatin1()Z @ 10 c2
Event: 0.132 Thread 0x000001142db4b710 DEOPT PACKING pc=0x000001143d71efb4 sp=0x00000014187fef60
Event: 0.132 Thread 0x000001142db4b710 DEOPT UNPACKING pc=0x000001143d1d9d22 sp=0x00000014187feea0 mode 2

Classes loaded (20 events):
Event: 0.152 Loading class java/nio/DirectByteBuffer$Deallocator
Event: 0.152 Loading class java/nio/DirectByteBuffer$Deallocator done
Event: 0.152 Loading class java/util/ArrayList$SubList$1
Event: 0.152 Loading class java/util/ArrayList$SubList$1 done
Event: 0.153 Loading class sun/text/resources/cldr/FormatData_en
Event: 0.153 Loading class sun/text/resources/cldr/FormatData_en done
Event: 0.153 Loading class sun/util/resources/Bundles$2
Event: 0.154 Loading class sun/util/resources/Bundles$2 done
Event: 0.154 Loading class java/lang/InstantiationException
Event: 0.154 Loading class java/lang/InstantiationException done
Event: 0.154 Loading class java/lang/IllegalAccessException
Event: 0.154 Loading class java/lang/IllegalAccessException done
Event: 1.074 Loading class jdk/internal/vm/VMSupport
Event: 1.074 Loading class jdk/internal/vm/VMSupport done
Event: 1.075 Loading class sun/nio/cs/ISO_8859_1$Encoder
Event: 1.075 Loading class sun/nio/cs/ISO_8859_1$Encoder done
Event: 1.075 Loading class sun/nio/cs/Surrogate$Parser
Event: 1.075 Loading class sun/nio/cs/Surrogate$Parser done
Event: 1.075 Loading class sun/nio/cs/Surrogate
Event: 1.075 Loading class sun/nio/cs/Surrogate done

Classes unloaded (0 events):
No events

Classes redefined (0 events):
No events

Internal exceptions (3 events):
Event: 0.124 Thread 0x000001142db4b710 Exception <a 'java/lang/NoSuchMethodError'{0x0000000713cc2db8}: 'void java.lang.invoke.DirectMethodHandle$Holder.invokeStatic(java.lang.Object, java.lang.Object, java.lang.Object)'> (0x0000000713cc2db8) 
thrown [s\open\src\hotspot\share\interpreter\linkResolver.cpp, line 773]
Event: 0.126 Thread 0x000001142db4b710 Exception <a 'java/lang/NoSuchMethodError'{0x0000000713cda2c0}: 'java.lang.Object java.lang.invoke.Invokers$Holder.invokeExact_MT(java.lang.Object, java.lang.Object, java.lang.Object, java.lang.Object, java.lang.Object)'> (0x0000000713cda2c0) 
thrown [s\open\src\hotspot\share\interpreter\linkResolver.cpp, line 773]
Event: 0.142 Thread 0x000001149318d670 Exception <a 'java/lang/NoSuchMethodError'{0x0000000713d59868}: 'void java.lang.invoke.DirectMethodHandle$Holder.invokeStatic(java.lang.Object, java.lang.Object)'> (0x0000000713d59868) 
thrown [s\open\src\hotspot\share\interpreter\linkResolver.cpp, line 773]

VM Operations (3 events):
Event: 0.133 Executing VM operation: HandshakeAllThreads
Event: 0.133 Executing VM operation: HandshakeAllThreads done
Event: 1.131 Executing VM operation: Cleanup

Events (14 events):
Event: 0.075 Thread 0x000001142db4b710 Thread added: 0x000001142db4b710
Event: 0.086 Thread 0x000001144dc72420 Thread added: 0x000001144dc72420
Event: 0.086 Thread 0x000001144dc72f60 Thread added: 0x000001144dc72f60
Event: 0.086 Thread 0x000001144dc75ba0 Thread added: 0x000001144dc75ba0
Event: 0.086 Thread 0x000001144dc7b060 Thread added: 0x000001144dc7b060
Event: 0.086 Thread 0x000001144dc7bee0 Thread added: 0x000001144dc7bee0
Event: 0.086 Thread 0x000001144dc7c820 Thread added: 0x000001144dc7c820
Event: 0.086 Thread 0x000001144dc7e4d0 Thread added: 0x000001144dc7e4d0
Event: 0.086 Thread 0x000001144dc81450 Thread added: 0x000001144dc81450
Event: 0.099 Thread 0x000001144dc3da30 Thread added: 0x000001144dc3da30
Event: 0.131 Thread 0x000001149318d670 Thread added: 0x000001149318d670
Event: 0.131 Thread 0x000001149318dbc0 Thread added: 0x000001149318dbc0
Event: 0.150 Thread 0x0000011493259b70 Thread added: 0x0000011493259b70
Event: 1.079 Thread 0x0000011493259b70 Thread exited: 0x0000011493259b70


Dynamic libraries:
0x00007ff725450000 - 0x00007ff725460000 	C:\Program Files\Java\jdk-20\bin\java.exe
0x00007ffff1900000 - 0x00007ffff1b60000 	C:\WINDOWS\SYSTEM32\ntdll.dll
0x00007ffff0020000 - 0x00007ffff00e7000 	C:\WINDOWS\System32\KERNEL32.DLL
0x00007fffef330000 - 0x00007fffef6fa000 	C:\WINDOWS\System32\KERNELBASE.dll
0x00007fffef1b0000 - 0x00007fffef2fb000 	C:\WINDOWS\System32\ucrtbase.dll
0x00007fffd64f0000 - 0x00007fffd650b000 	C:\Program Files\Java\jdk-20\bin\VCRUNTIME140.dll
0x00007fffd64d0000 - 0x00007fffd64e9000 	C:\Program Files\Java\jdk-20\bin\jli.dll
0x00007ffff0b20000 - 0x00007ffff0bd2000 	C:\WINDOWS\System32\ADVAPI32.dll
0x00007fffef700000 - 0x00007fffef7a9000 	C:\WINDOWS\System32\msvcrt.dll
0x00007fffef990000 - 0x00007fffefa36000 	C:\WINDOWS\System32\sechost.dll
0x00007ffff0c60000 - 0x00007ffff0d76000 	C:\WINDOWS\System32\RPCRT4.dll
0x00007ffff1660000 - 0x00007ffff182c000 	C:\WINDOWS\System32\USER32.dll
0x00007fffef300000 - 0x00007fffef327000 	C:\WINDOWS\System32\win32u.dll
0x00007fffef7b0000 - 0x00007fffef7da000 	C:\WINDOWS\System32\GDI32.dll
0x00007fffeee60000 - 0x00007fffeef91000 	C:\WINDOWS\System32\gdi32full.dll
0x00007fffeeb70000 - 0x00007fffeec13000 	C:\WINDOWS\System32\msvcp_win.dll
0x00007fffd0910000 - 0x00007fffd0ba7000 	C:\WINDOWS\WinSxS\amd64_microsoft.windows.common-controls_6595b64144ccf1df_6.0.26100.3624_none_3e086962e3345f24\COMCTL32.dll
0x00007fffd1680000 - 0x00007fffd168b000 	C:\WINDOWS\SYSTEM32\VERSION.dll
0x00007ffff02d0000 - 0x00007ffff02ff000 	C:\WINDOWS\System32\IMM32.DLL
0x00007fffd64c0000 - 0x00007fffd64cc000 	C:\Program Files\Java\jdk-20\bin\vcruntime140_1.dll
0x00007fff9dd00000 - 0x00007fff9dd8e000 	C:\Program Files\Java\jdk-20\bin\msvcp140.dll
0x00007fff626d0000 - 0x00007fff63368000 	C:\Program Files\Java\jdk-20\bin\server\jvm.dll
0x00007fffc8db0000 - 0x00007fffc8dba000 	C:\WINDOWS\SYSTEM32\WSOCK32.dll
0x00007fffefab0000 - 0x00007fffefb24000 	C:\WINDOWS\System32\WS2_32.dll
0x00007fffe5b50000 - 0x00007fffe5b86000 	C:\WINDOWS\SYSTEM32\WINMM.dll
0x00007fffed8f0000 - 0x00007fffed90a000 	C:\WINDOWS\SYSTEM32\kernel.appcore.dll
0x00007fffd64b0000 - 0x00007fffd64ba000 	C:\Program Files\Java\jdk-20\bin\jimage.dll
0x00007fffe8cb0000 - 0x00007fffe8ef1000 	C:\WINDOWS\SYSTEM32\DBGHELP.DLL
0x00007ffff0e30000 - 0x00007ffff11b2000 	C:\WINDOWS\System32\combase.dll
0x00007ffff0a40000 - 0x00007ffff0b16000 	C:\WINDOWS\System32\OLEAUT32.dll
0x00007fff9e1c0000 - 0x00007fff9e1f9000 	C:\WINDOWS\SYSTEM32\dbgcore.DLL
0x00007fffef110000 - 0x00007fffef1a9000 	C:\WINDOWS\System32\bcryptPrimitives.dll
0x00007fffd5c20000 - 0x00007fffd5c2e000 	C:\Program Files\Java\jdk-20\bin\instrument.dll
0x00007fffd5bf0000 - 0x00007fffd5c16000 	C:\Program Files\Java\jdk-20\bin\java.dll
0x00007fff9dc20000 - 0x00007fff9dcf7000 	C:\Program Files\Java\jdk-20\bin\jsvml.dll
0x00007ffff0310000 - 0x00007ffff0a39000 	C:\WINDOWS\System32\SHELL32.dll
0x00007fffeefa0000 - 0x00007fffef108000 	C:\WINDOWS\System32\wintypes.dll
0x00007fffec750000 - 0x00007fffecfa2000 	C:\WINDOWS\SYSTEM32\windows.storage.dll
0x00007fffefe30000 - 0x00007fffeff1d000 	C:\WINDOWS\System32\SHCORE.dll
0x00007fffef8e0000 - 0x00007fffef944000 	C:\WINDOWS\System32\shlwapi.dll
0x00007fffee9f0000 - 0x00007fffeea1f000 	C:\WINDOWS\SYSTEM32\profapi.dll
0x00007fffb0ca0000 - 0x00007fffb0cb8000 	C:\Program Files\Java\jdk-20\bin\zip.dll
0x00007fffb4380000 - 0x00007fffb4393000 	C:\Program Files\Java\jdk-20\bin\net.dll
0x00007fffe7800000 - 0x00007fffe791d000 	C:\WINDOWS\SYSTEM32\WINHTTP.dll
0x00007fffede10000 - 0x00007fffede7a000 	C:\WINDOWS\system32\mswsock.dll
0x00007fffb0c80000 - 0x00007fffb0c96000 	C:\Program Files\Java\jdk-20\bin\nio.dll
0x00007fffad3c0000 - 0x00007fffad3da000 	C:\Program Files\JetBrains\IntelliJ IDEA Community Edition 2023.2.1\bin\breakgen64.dll
0x00007fffd58b0000 - 0x00007fffd58b7000 	C:\Program Files\Java\jdk-20\bin\extnet.dll

dbghelp: loaded successfully - version: 4.0.5 - missing functions: none
symbol engine: initialized successfully - sym options: 0x614 - pdb path: .;C:\Program Files\Java\jdk-20\bin;C:\WINDOWS\SYSTEM32;C:\WINDOWS\WinSxS\amd64_microsoft.windows.common-controls_6595b64144ccf1df_6.0.26100.3624_none_3e086962e3345f24;C:\Program Files\Java\jdk-20\bin\server;C:\Program Files\JetBrains\IntelliJ IDEA Community Edition 2023.2.1\bin

VM Arguments:
jvm_args: -javaagent:C:\Program Files\JetBrains\IntelliJ IDEA Community Edition 2023.2.1\lib\idea_rt.jar=59809:C:\Program Files\JetBrains\IntelliJ IDEA Community Edition 2023.2.1\bin -Dfile.encoding=UTF-8 -Dsun.stdout.encoding=UTF-8 -Dsun.stderr.encoding=UTF-8 
java_command: CodeForces.PerfectPair
java_class_path (initial): C:\Users\Dr. Vikash Thada\IdeaProjects\Project1\out\production\Project1
Launcher Type: SUN_STANDARD

[Global flags]
     intx CICompilerCount                          = 4                                         {product} {ergonomic}
     uint ConcGCThreads                            = 3                                         {product} {ergonomic}
     uint G1ConcRefinementThreads                  = 10                                        {product} {ergonomic}
   size_t G1HeapRegionSize                         = 2097152                                   {product} {ergonomic}
    uintx GCDrainStackTargetSize                   = 64                                        {product} {ergonomic}
   size_t InitialHeapSize                          = 264241152                                 {product} {ergonomic}
   size_t MarkStackSize                            = 4194304                                   {product} {ergonomic}
   size_t MaxHeapSize                              = 4223664128                                {product} {ergonomic}
   size_t MaxNewSize                               = 2533359616                                {product} {ergonomic}
   size_t MinHeapDeltaBytes                        = 2097152                                   {product} {ergonomic}
   size_t MinHeapSize                              = 8388608                                   {product} {ergonomic}
    uintx NonNMethodCodeHeapSize                   = 5839372                                {pd product} {ergonomic}
    uintx NonProfiledCodeHeapSize                  = 122909434                              {pd product} {ergonomic}
    uintx ProfiledCodeHeapSize                     = 122909434                              {pd product} {ergonomic}
    uintx ReservedCodeCacheSize                    = 251658240                              {pd product} {ergonomic}
     bool SegmentedCodeCache                       = true                                      {product} {ergonomic}
   size_t SoftMaxHeapSize                          = 4223664128                             {manageable} {ergonomic}
     bool UseCompressedClassPointers               = true                           {product lp64_product} {ergonomic}
     bool UseCompressedOops                        = true                           {product lp64_product} {ergonomic}
     bool UseG1GC                                  = true                                      {product} {ergonomic}
     bool UseLargePagesIndividualAllocation        = false                                  {pd product} {ergonomic}

Logging:
Log output configuration:
 #0: stdout all=warning uptime,level,tags foldmultilines=false
 #1: stderr all=off uptime,level,tags foldmultilines=false

Environment Variables:
PATH=C:\Program Files\NVIDIA GPU Computing Toolkit\CUDA\v11.8\bin;C:\Program Files\NVIDIA GPU Computing Toolkit\CUDA\v11.8\libnvvp;;C:\Program Files\Python312\Scripts\;C:\Program Files\Python312\;C:\Program Files\Common Files\Oracle\Java\javapath;C:\WINDOWS\system32;C:\WINDOWS;C:\WINDOWS\System32\Wbem;C:\WINDOWS\System32\WindowsPowerShell\v1.0\;C:\WINDOWS\System32\OpenSSH\;C:\MinGW\bin;C:\Program Files\Git\cmd;C:\Program Files (x86)\Windows Kits\10\Windows Performance Toolkit\;C:\Program Files\Git LFS;C:\Program Files\NVIDIA Corporation\Nsight Compute 2022.3.0\;C:\Program Files (x86)\NVIDIA Corporation\PhysX\Common;C:\Program Files\nodejs\;C:\Program Files\Docker\Docker\resources\bin;C:\Users\Dr. Vikash Thada\AppData\Local\Microsoft\WindowsApps;C:\Program Files\JetBrains\IntelliJ IDEA Community Edition 2023.2.1\bin;C:\Program Files\nodejs;C:\MinGW\bin;;C:\Users\Dr. Vikash Thada\AppData\Local\Programs\Microsoft VS Code\bin;C:\Program Files\heroku\bin;C:\ProgramData\Microsoft\Windows\Start Menu\Programs\Anaconda3 (64-bit);C:\Program Files\JetBrains\PyCharm Community Edition 2023.3.2\bin;;C:\Users\Dr. Vikash Thada\AppData\Roaming\Python\Python312\Scripts;C:\Users\Dr. Vikash Thada\AppData\Roaming\npm;
USERNAME=Dr. Vikas Thada
OS=Windows_NT
PROCESSOR_IDENTIFIER=Intel64 Family 6 Model 154 Stepping 4, GenuineIntel
TMP=C:\Users\DR4F4D~1.VIK\AppData\Local\Temp
TEMP=C:\Users\DR4F4D~1.VIK\AppData\Local\Temp




---------------  S Y S T E M  ---------------

OS:
 Windows 11 , 64 bit Build 26100 (10.0.26100.3775)
OS uptime: 1 days 5:15 hours
Hyper-V role detected

CPU: total 12 (initial active 12) (6 cores per cpu, 2 threads per core) family 6 model 154 stepping 4 microcode 0x424, cx8, cmov, fxsr, ht, mmx, 3dnowpref, sse, sse2, sse3, ssse3, sse4.1, sse4.2, popcnt, lzcnt, tsc, tscinvbit, avx, avx2, aes, erms, clmul, bmi1, bmi2, adx, sha, fma, vzeroupper, clflush, clflushopt, clwb, hv, serialize, rdtscp, rdpid, fsrm, f16c, cet_ibt, cet_ss

Memory: 4k page, system-wide physical 16108M (4808M free)
TotalPageFile size 16108M (AvailPageFile size 0M)
current process WorkingSet (physical memory assigned to process): 42M, peak: 42M
current process commit charge ("private bytes"): 342M, peak: 342M

vm_info: Java HotSpot(TM) 64-Bit Server VM (20.0.2+9-78) for windows-amd64 JRE (20.0.2+9-78), built on 2023-06-14T10:08:48Z by "mach5one" with MS VC++ 17.1 (VS2022)

END.
