#
# There is insufficient memory for the Java Runtime Environment to continue.
# Native memory allocation (mmap) failed to map 264241152 bytes for G1 virtual space
# Possible reasons:
#   The system is out of physical RAM or swap space
#   The process is running with CompressedOops enabled, and the Java Heap may be blocking the growth of the native heap
# Possible solutions:
#   Reduce memory load on the system
#   Increase physical memory or swap space
#   Check if swap backing store is full
#   Decrease Java heap size (-Xmx/-Xms)
#   Decrease number of Java threads
#   Decrease Java thread stack sizes (-Xss)
#   Set larger code cache with -XX:ReservedCodeCacheSize=
#   JVM is running with Zero Based Compressed Oops mode in which the Java heap is
#     placed in the first 32GB address space. The Java Heap base address is the
#     maximum limit for the native heap growth. Please use -XX:HeapBaseMinAddress
#     to set the Java Heap base and to place the Java Heap above 32GB virtual address.
# This output file may be truncated or incomplete.
#
#  Out of Memory Error (os_windows.cpp:3528), pid=4288, tid=15352
#
# JRE version:  (20.0.2+9) (build )
# Java VM: Java HotSpot(TM) 64-Bit Server VM (20.0.2+9-78, mixed mode, sharing, tiered, compressed oops, compressed class ptrs, g1 gc, windows-amd64)
# No core dump will be written. Minidumps are not enabled by default on client versions of Windows
#

---------------  S U M M A R Y ------------

Command Line: -javaagent:C:\Program Files\JetBrains\IntelliJ IDEA Community Edition 2023.2.1\lib\idea_rt.jar=64549:C:\Program Files\JetBrains\IntelliJ IDEA Community Edition 2023.2.1\bin -Dfile.encoding=UTF-8 -Dsun.stdout.encoding=UTF-8 -Dsun.stderr.encoding=UTF-8 CodeForces.PlusOneOnTheSubset

Host: 12th Gen Intel(R) Core(TM) i5-1235U, 12 cores, 15G,  Windows 11 , 64 bit Build 26100 (10.0.26100.3037)
Time: Wed Apr 16 22:44:01 2025 India Standard Time elapsed time: 1.193723 seconds (0d 0h 0m 1s)

---------------  T H R E A D  ---------------

Current thread (0x000001bbddf3af70):  JavaThread "Unknown thread" [_thread_in_vm, id=15352, stack(0x00000039a0600000,0x00000039a0700000)]

Stack: [0x00000039a0600000,0x00000039a0700000]
Native frames: (J=compiled Java code, j=interpreted, Vv=VM code, C=native code)
V  [jvm.dll+0x6bc25a]
V  [jvm.dll+0x84971a]
V  [jvm.dll+0x84b315]
V  [jvm.dll+0x84ba13]
V  [jvm.dll+0x280e4f]
V  [jvm.dll+0x6b8fe9]
V  [jvm.dll+0x6adbca]
V  [jvm.dll+0x35b165]
V  [jvm.dll+0x363386]
V  [jvm.dll+0x3b400e]
V  [jvm.dll+0x3b4295]
V  [jvm.dll+0x32b86a]
V  [jvm.dll+0x32c68b]
V  [jvm.dll+0x8123df]
V  [jvm.dll+0x3c1261]
V  [jvm.dll+0x7fe103]
V  [jvm.dll+0x44ccaf]
V  [jvm.dll+0x44e621]
C  [jli.dll+0x5287]
C  [ucrtbase.dll+0x37b0]
C  [KERNEL32.DLL+0x2e8d7]
C  [ntdll.dll+0xbbf2c]


---------------  P R O C E S S  ---------------

Threads class SMR info:
_java_thread_list=0x00007ffd01f2b118, length=0, elements={
}

Java Threads: ( => current thread )

Other Threads:
  0x000001bbddfb0200 WorkerThread "GC Thread#0" [stack: 0x00000039a0700000,0x00000039a0800000] [id=1736]
  0x000001bbddfc1ce0 ConcurrentGCThread "G1 Main Marker" [stack: 0x00000039a0800000,0x00000039a0900000] [id=8980]
  0x000001bbddfc3580 WorkerThread "G1 Conc#0" [stack: 0x00000039a0900000,0x00000039a0a00000] [id=21472]

[error occurred during error reporting (printing all threads), id 0xc0000005, EXCEPTION_ACCESS_VIOLATION (0xc0000005) at pc=0x00007ffd0170eea7]
VM state: not at safepoint (not fully initialized)

VM Mutex/Monitor currently owned by a thread:  ([mutex/lock_event])
[0x000001bbddf39370] Heap_lock - owner thread: 0x000001bbddf3af70

Heap address: 0x0000000704400000, size: 4028 MB, Compressed Oops mode: Zero based, Oop shift amount: 3

CDS archive(s) mapped at: [0x0000000000000000-0x0000000000000000-0x0000000000000000), size 0, SharedBaseAddress: 0x0000000800000000, ArchiveRelocationMode: 1.
Narrow klass base: 0x0000000000000000, Narrow klass shift: 0, Narrow klass range: 0x0

GC Precious Log:
 CardTable entry size: 512
 Card Set container configuration: InlinePtr #cards 4 size 8 Array Of Cards #cards 16 size 48 Howl #buckets 8 coarsen threshold 3686 Howl Bitmap #cards 512 size 80 coarsen threshold 460 Card regions per heap region 1 cards per card region 4096

Heap:
 garbage-first heap   total 0K, used 0K [0x0000000704400000, 0x0000000800000000)
  region size 2048K, 0 young (0K), 0 survivors (0K)

[error occurred during error reporting (printing heap information), id 0xc0000005, EXCEPTION_ACCESS_VIOLATION (0xc0000005) at pc=0x00007ffd01ae47b9]
GC Heap History (0 events):
No events

Dll operation events (1 events):
Event: 0.037 Loaded shared library C:\Program Files\Java\jdk-20\bin\java.dll

Deoptimization events (0 events):
No events

Classes loaded (0 events):
No events

Classes unloaded (0 events):
No events

Classes redefined (0 events):
No events

Internal exceptions (0 events):
No events

VM Operations (0 events):
No events

Events (0 events):
No events


Dynamic libraries:
0x00007ff7b1f50000 - 0x00007ff7b1f60000 	C:\Program Files\Java\jdk-20\bin\java.exe
0x00007ffda45c0000 - 0x00007ffda4823000 	C:\WINDOWS\SYSTEM32\ntdll.dll
0x00007ffda3ce0000 - 0x00007ffda3da7000 	C:\WINDOWS\System32\KERNEL32.DLL
0x00007ffda2030000 - 0x00007ffda23f7000 	C:\WINDOWS\System32\KERNELBASE.dll
0x00007ffda1ee0000 - 0x00007ffda202c000 	C:\WINDOWS\System32\ucrtbase.dll
0x00007ffd95560000 - 0x00007ffd9557b000 	C:\Program Files\Java\jdk-20\bin\VCRUNTIME140.dll
0x00007ffd95540000 - 0x00007ffd95559000 	C:\Program Files\Java\jdk-20\bin\jli.dll
0x00007ffda4260000 - 0x00007ffda4314000 	C:\WINDOWS\System32\ADVAPI32.dll
0x00007ffda3c30000 - 0x00007ffda3cd9000 	C:\WINDOWS\System32\msvcrt.dll
0x00007ffda4480000 - 0x00007ffda4526000 	C:\WINDOWS\System32\sechost.dll
0x00007ffda2920000 - 0x00007ffda2a36000 	C:\WINDOWS\System32\RPCRT4.dll
0x00007ffda2be0000 - 0x00007ffda2da9000 	C:\WINDOWS\System32\USER32.dll
0x00007ffda1b30000 - 0x00007ffda1b57000 	C:\WINDOWS\System32\win32u.dll
0x00007ffda4330000 - 0x00007ffda435a000 	C:\WINDOWS\System32\GDI32.dll
0x00007ffda1a00000 - 0x00007ffda1b2b000 	C:\WINDOWS\System32\gdi32full.dll
0x00007ffda1bf0000 - 0x00007ffda1c93000 	C:\WINDOWS\System32\msvcp_win.dll
0x00007ffd84900000 - 0x00007ffd84b90000 	C:\WINDOWS\WinSxS\amd64_microsoft.windows.common-controls_6595b64144ccf1df_6.0.26100.3037_none_3e09262ce333c378\COMCTL32.dll
0x00007ffd8a5f0000 - 0x00007ffd8a5fb000 	C:\WINDOWS\SYSTEM32\VERSION.dll
0x00007ffda2860000 - 0x00007ffda288f000 	C:\WINDOWS\System32\IMM32.DLL
0x00007ffd97ac0000 - 0x00007ffd97acc000 	C:\Program Files\Java\jdk-20\bin\vcruntime140_1.dll
0x00007ffd91e40000 - 0x00007ffd91ece000 	C:\Program Files\Java\jdk-20\bin\msvcp140.dll
0x00007ffd013d0000 - 0x00007ffd02068000 	C:\Program Files\Java\jdk-20\bin\server\jvm.dll
0x00007ffd87980000 - 0x00007ffd879b6000 	C:\WINDOWS\SYSTEM32\WINMM.dll
0x00007ffd83fb0000 - 0x00007ffd83fba000 	C:\WINDOWS\SYSTEM32\WSOCK32.dll
0x00007ffda2400000 - 0x00007ffda2474000 	C:\WINDOWS\System32\WS2_32.dll
0x00007ffda0790000 - 0x00007ffda07aa000 	C:\WINDOWS\SYSTEM32\kernel.appcore.dll
0x00007ffd979d0000 - 0x00007ffd979da000 	C:\Program Files\Java\jdk-20\bin\jimage.dll
0x00007ffd9f080000 - 0x00007ffd9f2c1000 	C:\WINDOWS\SYSTEM32\DBGHELP.DLL
0x00007ffda3570000 - 0x00007ffda38ee000 	C:\WINDOWS\System32\combase.dll
0x00007ffda3900000 - 0x00007ffda39d6000 	C:\WINDOWS\System32\OLEAUT32.dll
0x00007ffd99640000 - 0x00007ffd99679000 	C:\WINDOWS\SYSTEM32\dbgcore.DLL
0x00007ffda1960000 - 0x00007ffda19f9000 	C:\WINDOWS\System32\bcryptPrimitives.dll
0x00007ffd97920000 - 0x00007ffd9792e000 	C:\Program Files\Java\jdk-20\bin\instrument.dll
0x00007ffd95510000 - 0x00007ffd95536000 	C:\Program Files\Java\jdk-20\bin\java.dll

dbghelp: loaded successfully - version: 4.0.5 - missing functions: none
symbol engine: initialized successfully - sym options: 0x614 - pdb path: .;C:\Program Files\Java\jdk-20\bin;C:\WINDOWS\SYSTEM32;C:\WINDOWS\WinSxS\amd64_microsoft.windows.common-controls_6595b64144ccf1df_6.0.26100.3037_none_3e09262ce333c378;C:\Program Files\Java\jdk-20\bin\server

VM Arguments:
jvm_args: -javaagent:C:\Program Files\JetBrains\IntelliJ IDEA Community Edition 2023.2.1\lib\idea_rt.jar=64549:C:\Program Files\JetBrains\IntelliJ IDEA Community Edition 2023.2.1\bin -Dfile.encoding=UTF-8 -Dsun.stdout.encoding=UTF-8 -Dsun.stderr.encoding=UTF-8 
java_command: CodeForces.PlusOneOnTheSubset
java_class_path (initial): C:\Users\Dr. Vikash Thada\IdeaProjects\Project1\out\production\Project1
Launcher Type: SUN_STANDARD

[Global flags]
     intx CICompilerCount                          = 4                                         {product} {ergonomic}
     uint ConcGCThreads                            = 3                                         {product} {ergonomic}
     uint G1ConcRefinementThreads                  = 10                                        {product} {ergonomic}
   size_t G1HeapRegionSize                         = 2097152                                   {product} {ergonomic}
    uintx GCDrainStackTargetSize                   = 64                                        {product} {ergonomic}
   size_t InitialHeapSize                          = 264241152                                 {product} {ergonomic}
   size_t MarkStackSize                            = 4194304                                   {product} {ergonomic}
   size_t MaxHeapSize                              = 4223664128                                {product} {ergonomic}
   size_t MinHeapDeltaBytes                        = 2097152                                   {product} {ergonomic}
   size_t MinHeapSize                              = 8388608                                   {product} {ergonomic}
    uintx NonNMethodCodeHeapSize                   = 5839372                                {pd product} {ergonomic}
    uintx NonProfiledCodeHeapSize                  = 122909434                              {pd product} {ergonomic}
    uintx ProfiledCodeHeapSize                     = 122909434                              {pd product} {ergonomic}
    uintx ReservedCodeCacheSize                    = 251658240                              {pd product} {ergonomic}
     bool SegmentedCodeCache                       = true                                      {product} {ergonomic}
   size_t SoftMaxHeapSize                          = 4223664128                             {manageable} {ergonomic}
     bool UseCompressedClassPointers               = true                           {product lp64_product} {ergonomic}
     bool UseCompressedOops                        = true                           {product lp64_product} {ergonomic}
     bool UseG1GC                                  = true                                      {product} {ergonomic}
     bool UseLargePagesIndividualAllocation        = false                                  {pd product} {ergonomic}

Logging:
Log output configuration:
 #0: stdout all=warning uptime,level,tags foldmultilines=false
 #1: stderr all=off uptime,level,tags foldmultilines=false

Environment Variables:
PATH=C:\Program Files\NVIDIA GPU Computing Toolkit\CUDA\v11.8\bin;C:\Program Files\NVIDIA GPU Computing Toolkit\CUDA\v11.8\libnvvp;;C:\Program Files\Python312\Scripts\;C:\Program Files\Python312\;C:\Program Files\Common Files\Oracle\Java\javapath;C:\WINDOWS\system32;C:\WINDOWS;C:\WINDOWS\System32\Wbem;C:\WINDOWS\System32\WindowsPowerShell\v1.0\;C:\WINDOWS\System32\OpenSSH\;C:\MinGW\bin;C:\Program Files\Git\cmd;C:\Program Files (x86)\Windows Kits\10\Windows Performance Toolkit\;C:\Program Files\Git LFS;C:\Program Files\NVIDIA Corporation\Nsight Compute 2022.3.0\;C:\Program Files (x86)\NVIDIA Corporation\PhysX\Common;C:\Program Files\nodejs\;C:\Users\Dr. Vikash Thada\AppData\Local\Microsoft\WindowsApps;C:\Program Files\JetBrains\IntelliJ IDEA Community Edition 2023.2.1\bin;C:\Program Files\nodejs;C:\MinGW\bin;;C:\Users\Dr. Vikash Thada\AppData\Local\Programs\Microsoft VS Code\bin;C:\Program Files\heroku\bin;C:\ProgramData\Microsoft\Windows\Start Menu\Programs\Anaconda3 (64-bit);C:\Program Files\JetBrains\PyCharm Community Edition 2023.3.2\bin;;C:\Users\Dr. Vikash Thada\AppData\Roaming\Python\Python312\Scripts;C:\Users\Dr. Vikash Thada\AppData\Roaming\npm;
USERNAME=Dr. Vikas Thada
OS=Windows_NT
PROCESSOR_IDENTIFIER=Intel64 Family 6 Model 154 Stepping 4, GenuineIntel
TMP=C:\Users\DR4F4D~1.VIK\AppData\Local\Temp
TEMP=C:\Users\DR4F4D~1.VIK\AppData\Local\Temp




---------------  S Y S T E M  ---------------

OS:
 Windows 11 , 64 bit Build 26100 (10.0.26100.3037)
OS uptime: 2 days 1:26 hours
Hyper-V role detected

CPU: total 12 (initial active 12) (6 cores per cpu, 2 threads per core) family 6 model 154 stepping 4 microcode 0x424, cx8, cmov, fxsr, ht, mmx, 3dnowpref, sse, sse2, sse3, ssse3, sse4.1, sse4.2, popcnt, lzcnt, tsc, tscinvbit, avx, avx2, aes, erms, clmul, bmi1, bmi2, adx, sha, fma, vzeroupper, clflush, clflushopt, clwb, hv, serialize, rdtscp, rdpid, fsrm, f16c, cet_ibt, cet_ss

Memory: 4k page, system-wide physical 16108M (5139M free)
TotalPageFile size 16108M (AvailPageFile size 104M)
current process WorkingSet (physical memory assigned to process): 12M, peak: 12M
current process commit charge ("private bytes"): 64M, peak: 316M

vm_info: Java HotSpot(TM) 64-Bit Server VM (20.0.2+9-78) for windows-amd64 JRE (20.0.2+9-78), built on 2023-06-14T10:08:48Z by "mach5one" with MS VC++ 17.1 (VS2022)

END.
